<?xml version="1.0" encoding="UTF-8"?>
<testng-results total="2" passed="2" failed="0" skipped="0">
  <reporter-output>
  </reporter-output>
  <suite started-at="2025-02-26T17:17:24Z" name="Test Suite for Buildout" finished-at="2025-02-26T17:19:07Z" duration-ms="102942">
    <groups>
    </groups>
    <test started-at="2025-02-26T17:17:24Z" name="Test Cases for Buildout" finished-at="2025-02-26T17:19:07Z" duration-ms="102942">
      <class name="demo.TestCases">
        <test-method is-config="true" signature="startBrowser()[pri:0, instance:demo.TestCases@3a1dd365]" started-at="2025-02-26T22:47:24Z" name="startBrowser" finished-at="2025-02-26T22:47:28Z" duration-ms="3544" status="PASS">
          <reporter-output>
          </reporter-output>
        </test-method> <!-- startBrowser -->
        <test-method is-config="true" signature="openURL()[pri:0, instance:demo.TestCases@3a1dd365]" started-at="2025-02-26T22:47:28Z" name="openURL" finished-at="2025-02-26T22:47:47Z" duration-ms="18761" status="PASS">
          <reporter-output>
          </reporter-output>
        </test-method> <!-- openURL -->
        <test-method signature="testCase01()[pri:0, instance:demo.TestCases@3a1dd365]" started-at="2025-02-26T22:47:47Z" name="testCase01" finished-at="2025-02-26T22:47:58Z" duration-ms="11056" status="PASS">
          <reporter-output>
          </reporter-output>
        </test-method> <!-- testCase01 -->
        <test-method is-config="true" signature="openURL()[pri:0, instance:demo.TestCases@3a1dd365]" started-at="2025-02-26T22:47:58Z" name="openURL" finished-at="2025-02-26T22:48:01Z" duration-ms="3686" status="PASS">
          <reporter-output>
          </reporter-output>
        </test-method> <!-- openURL -->
        <test-method signature="testCase02()[pri:0, instance:demo.TestCases@3a1dd365]" started-at="2025-02-26T22:48:01Z" name="testCase02" finished-at="2025-02-26T22:49:05Z" duration-ms="64083" status="PASS">
          <reporter-output>
          </reporter-output>
        </test-method> <!-- testCase02 -->
        <test-method is-config="true" signature="endTest()[pri:0, instance:demo.TestCases@3a1dd365]" started-at="2025-02-26T22:49:05Z" name="endTest" finished-at="2025-02-26T22:49:07Z" duration-ms="1790" status="PASS">
          <reporter-output>
          </reporter-output>
        </test-method> <!-- endTest -->
      </class> <!-- demo.TestCases -->
    </test> <!-- Test Cases for Buildout -->
  </suite> <!-- Test Suite for Buildout -->
</testng-results>
